  Hwk4_C1.cpp
C:\Users\liam2\source\repos\Finite Element\Hwk4_C1.cpp(1,10): fatal error C1083: Cannot open precompiled header file: 'Debug\Finite Element.pch': No such file or directory
  Hwk4_C2.cpp
C:\Users\liam2\source\repos\Finite Element\Hwk4_C2.cpp(1,10): fatal error C1083: Cannot open precompiled header file: 'Debug\Finite Element.pch': No such file or directory
  Hwk4_C3.cpp
C:\Users\liam2\source\repos\Finite Element\Hwk4_C3.cpp(1,10): fatal error C1083: Cannot open precompiled header file: 'Debug\Finite Element.pch': No such file or directory
  Mesh1D.cpp
C:\Users\liam2\source\repos\Finite Element\Mesh1D.cpp(1,10): fatal error C1083: Cannot open precompiled header file: 'Debug\Finite Element.pch': No such file or directory
  Precompilied.cpp
C:\Users\liam2\source\repos\Finite Element\Precompilied.cpp(1,10): fatal error C1083: Cannot open precompiled header file: 'Debug\Finite Element.pch': No such file or directory
  Print.cpp
C:\Users\liam2\source\repos\Finite Element\Print.cpp(1,10): fatal error C1083: Cannot open precompiled header file: 'Debug\Finite Element.pch': No such file or directory
  ErrorAnalysis.cpp
C:\Users\liam2\source\repos\Finite Element\ErrorAnalysis.cpp(1,10): fatal error C1083: Cannot open precompiled header file: 'Debug\Finite Element.pch': No such file or directory
  FEM.cpp
C:\Users\liam2\source\repos\Finite Element\FEM.cpp(1,10): fatal error C1083: Cannot open precompiled header file: 'Debug\Finite Element.pch': No such file or directory
  Function.cpp
C:\Users\liam2\source\repos\Finite Element\Function.cpp(1,10): fatal error C1083: Cannot open precompiled header file: 'Debug\Finite Element.pch': No such file or directory
  Gauss-LegendreNodes.cpp
C:\Users\liam2\source\repos\Finite Element\Gauss-LegendreNodes.cpp(1,10): fatal error C1083: Cannot open precompiled header file: 'Debug\Finite Element.pch': No such file or directory
  Integration.cpp
C:\Users\liam2\source\repos\Finite Element\Integration.cpp(1,10): fatal error C1083: Cannot open precompiled header file: 'Debug\Finite Element.pch': No such file or directory
  L2Projection.cpp
C:\Users\liam2\source\repos\Finite Element\L2Projection.cpp(1,10): fatal error C1083: Cannot open precompiled header file: 'Debug\Finite Element.pch': No such file or directory
  LagrangeShapeFunctions1D.cpp
C:\Users\liam2\source\repos\Finite Element\LagrangeShapeFunctions1D.cpp(1,10): fatal error C1083: Cannot open precompiled header file: 'Debug\Finite Element.pch': No such file or directory
  Log.cpp
C:\Users\liam2\source\repos\Finite Element\Log.cpp(1,10): fatal error C1083: Cannot open precompiled header file: 'Debug\Finite Element.pch': No such file or directory
  Main.cpp
C:\Users\liam2\source\repos\Finite Element\Main.cpp(1,10): fatal error C1083: Cannot open precompiled header file: 'Debug\Finite Element.pch': No such file or directory
  Matrix.cpp
C:\Users\liam2\source\repos\Finite Element\Matrix.cpp(1,10): fatal error C1083: Cannot open precompiled header file: 'Debug\Finite Element.pch': No such file or directory
  Timer.cpp
C:\Users\liam2\source\repos\Finite Element\Timer.cpp(1,10): fatal error C1083: Cannot open precompiled header file: 'Debug\Finite Element.pch': No such file or directory
  Timer.h
C:\Users\liam2\source\repos\Finite Element\Timer.h(2,10): fatal error C1083: Cannot open precompiled header file: 'Debug\Finite Element.pch': No such file or directory
  UniformMesh1D.cpp
C:\Users\liam2\source\repos\Finite Element\UniformMesh1D.cpp(1,10): fatal error C1083: Cannot open precompiled header file: 'Debug\Finite Element.pch': No such file or directory
  Updater.cpp
C:\Users\liam2\source\repos\Finite Element\Updater.cpp(1,10): fatal error C1083: Cannot open precompiled header file: 'Debug\Finite Element.pch': No such file or directory
  Generating Code...
  Compiling...
  Vector.cpp
C:\Users\liam2\source\repos\Finite Element\Vector.cpp(1,10): fatal error C1083: Cannot open precompiled header file: 'Debug\Finite Element.pch': No such file or directory
  Generating Code...

Project Performance Summary:
      457 ms  C:\Users\liam2\source\repos\Finite Element\Finite Element.vcxproj   1 calls
                457 ms  Build                                      1 calls

Target Performance Summary:
        0 ms  BeforeBuildGenerateSources                 1 calls
        0 ms  PreBuildEvent                              1 calls
        0 ms  _SelectedFiles                             1 calls
        0 ms  SelectCustomBuild                          1 calls
        0 ms  CopyFileToFolders                          1 calls
        0 ms  _Xsd                                       1 calls
        0 ms  ComputeMIDLGeneratedCompileInputs          1 calls
        0 ms  AfterMidl                                  1 calls
        0 ms  _Midl                                      1 calls
        0 ms  AfterBuildGenerateSources                  1 calls
        0 ms  AfterBuildGenerateSourcesEvent             1 calls
        0 ms  _BuildGenerateSourcesAction                1 calls
        0 ms  BuildGenerateSources                       1 calls
        0 ms  BuildCompileTraverse                       1 calls
        0 ms  BeforeClCompile                            1 calls
        0 ms  FindReferenceAssembliesForReferences       1 calls
        0 ms  GetReferencedVCProjectsInfo                1 calls
        0 ms  ComputeReferenceCLInput                    1 calls
        0 ms  ResolveReferences                          1 calls
        0 ms  AfterResolveReferences                     1 calls
        0 ms  BuildGenerateSourcesTraverse               1 calls
        0 ms  ExpandSDKReferences                        1 calls
        0 ms  ResolveSDKReferences                       1 calls
        0 ms  BeforeResolveReferences                    1 calls
        0 ms  _AddOutputPathToGlobalPropertiesToRemove   1 calls
        0 ms  SetCABuildNativeEnvironmentVariables       1 calls
        0 ms  _CheckWindowsSDKInstalled                  1 calls
        0 ms  PrepareProjectReferences                   1 calls
        0 ms  GetResolvedWinMD                           1 calls
        0 ms  GetReferenceAssemblyPaths                  1 calls
        1 ms  ComputeCLInputPDBName                      1 calls
        1 ms  ComputeCustomBuildOutput                   1 calls
        1 ms  SelectClCompile                            1 calls
        1 ms  SetBuildDefaultEnvironmentVariables        1 calls
        1 ms  ResolveAssemblyReferences                  1 calls
        1 ms  GetFrameworkPaths                          1 calls
        2 ms  MakeDirsForMidl                            1 calls
        3 ms  _SplitProjectReferencesByFileExistence     1 calls
        3 ms  _PrepareForReferenceResolution             1 calls
        3 ms  MakeDirsForCl                              1 calls
        5 ms  _GetProjectReferenceTargetFrameworkProperties   1 calls
        7 ms  FixupCLCompileOptions                      1 calls
        7 ms  SetTelemetryEnvironmentVariables           1 calls
        7 ms  CustomBuild                                1 calls
       10 ms  InitializeBuildStatus                      1 calls
       10 ms  PrepareForBuild                            1 calls
       11 ms  _PrepareForBuild                           1 calls
       12 ms  ResolveProjectReferences                   1 calls
       12 ms  AssignProjectConfiguration                 1 calls
       14 ms  WarnCompileDuplicatedFilename              1 calls
       48 ms  _CheckForInvalidConfigurationAndPlatform   1 calls
      272 ms  ClCompile                                  1 calls

Task Performance Summary:
        1 ms  CheckVCToolsetVersion                      1 calls
        1 ms  WriteLinesToFile                           1 calls
        2 ms  Delete                                     1 calls
        3 ms  Touch                                      1 calls
        3 ms  SetEnv                                     8 calls
        4 ms  MSBuild                                    1 calls
        4 ms  MakeDir                                    5 calls
        5 ms  ReadLinesFromFile                          1 calls
        7 ms  GetOutOfDateItems                          3 calls
       11 ms  AssignProjectConfiguration                 1 calls
       14 ms  Message                                    2 calls
      268 ms  CL                                         1 calls
